TN:
SF:dist\utilx.min.cjs.js
FN:1,t
FN:1,e
FN:1,Object.<anonymous>.exports.arrayRef
FN:1,Object.<anonymous>.exports.base64ToBlob
FN:1,Object.<anonymous>.exports.convertUrlToBase64
FN:1,Object.<anonymous>.exports.debounce
FN:1,t
FN:1,Object.<anonymous>.exports.downloadUrl
FN:1,Object.<anonymous>.exports.getClient
FN:1,Object.<anonymous>.exports.getColor16
FN:1,Object.<anonymous>.exports.getQuery
FN:1,Object.<anonymous>.exports.humpToUnder
FN:1,Object.<anonymous>.exports.isEmptyObj
FN:1,Object.<anonymous>.exports.isFunction
FN:1,Object.<anonymous>.exports.isUrl
FN:1,Object.<anonymous>.exports.throttle
FN:1,Object.<anonymous>.exports.underToHump
FNF:17
FNH:15
FNDA:9,t
FNDA:10,e
FNDA:3,Object.<anonymous>.exports.arrayRef
FNDA:2,Object.<anonymous>.exports.base64ToBlob
FNDA:0,Object.<anonymous>.exports.convertUrlToBase64
FNDA:1,Object.<anonymous>.exports.debounce
FNDA:4,t
FNDA:0,Object.<anonymous>.exports.downloadUrl
FNDA:1,Object.<anonymous>.exports.getClient
FNDA:3,Object.<anonymous>.exports.getColor16
FNDA:4,Object.<anonymous>.exports.getQuery
FNDA:4,Object.<anonymous>.exports.humpToUnder
FNDA:3,Object.<anonymous>.exports.isEmptyObj
FNDA:2,Object.<anonymous>.exports.isFunction
FNDA:5,Object.<anonymous>.exports.isUrl
FNDA:2,Object.<anonymous>.exports.throttle
FNDA:2,Object.<anonymous>.exports.underToHump
DA:1,1
LF:1
LH:1
BRDA:1,0,0,9
BRDA:1,1,0,10
BRDA:1,2,0,3
BRDA:1,3,0,1
BRDA:1,4,0,2
BRDA:1,5,0,2
BRDA:1,6,0,140
BRDA:1,7,0,1
BRDA:1,8,0,3
BRDA:1,9,0,2
BRDA:1,10,0,1
BRDA:1,11,0,4
BRDA:1,12,0,2
BRDA:1,13,0,2
BRDA:1,14,0,0
BRDA:1,15,0,2
BRDA:1,16,0,3
BRDA:1,17,0,1
BRDA:1,18,0,3
BRDA:1,19,0,4
BRDA:1,20,0,8
BRDA:1,21,0,1
BRDA:1,22,0,0
BRDA:1,23,0,7
BRDA:1,24,0,4
BRDA:1,25,0,1
BRDA:1,26,0,3
BRDA:1,27,0,3
BRDA:1,28,0,1
BRDA:1,29,0,2
BRDA:1,30,0,2
BRDA:1,31,0,5
BRDA:1,32,0,1
BRDA:1,33,0,4
BRDA:1,34,0,3
BRDA:1,35,0,2
BRDA:1,36,0,4
BRDA:1,37,0,3
BRDA:1,38,0,3
BRDA:1,39,0,2
BRDA:1,40,0,1
BRDA:1,41,0,3
BRF:42
BRH:40
end_of_record
